c:\users\felipe\dropbox\visual studio projects\remotopp\remotopp\remotopp\x64\release\vc140.pdb
c:\users\felipe\dropbox\visual studio projects\remotopp\remotopp\remotopp\x64\release\stdafx.obj
c:\users\felipe\dropbox\visual studio projects\remotopp\remotopp\remotopp\x64\release\simulator_thread.obj
c:\users\felipe\dropbox\visual studio projects\remotopp\remotopp\remotopp\x64\release\simulator.obj
c:\users\felipe\dropbox\visual studio projects\remotopp\remotopp\remotopp\x64\release\main.obj
c:\users\felipe\dropbox\visual studio projects\remotopp\remotopp\remotopp\x64\release\neuron_pool.obj
c:\users\felipe\dropbox\visual studio projects\remotopp\remotopp\remotopp\x64\release\neuron.obj
c:\users\felipe\dropbox\visual studio projects\remotopp\remotopp\remotopp\x64\release\voltage_monitor.obj
c:\users\felipe\dropbox\visual studio projects\remotopp\remotopp\remotopp\x64\release\action_potencial_monitor.obj
c:\users\felipe\dropbox\visual studio projects\remotopp\remotopp\remotopp\x64\release\compartment.obj
c:\users\felipe\dropbox\visual studio projects\remotopp\remotopp\remotopp\x64\release\destexhe_na_channel.obj
c:\users\felipe\dropbox\visual studio projects\remotopp\remotopp\remotopp\x64\release\destexhe_ks_channel.obj
c:\users\felipe\dropbox\visual studio projects\remotopp\remotopp\remotopp\x64\release\destexhe_kf_channel.obj
c:\users\felipe\dropbox\visual studio projects\remotopp\remotopp\remotopp\x64\release\intercompartment_conductance.obj
c:\users\felipe\dropbox\visual studio projects\remotopp\remotopp\remotopp\x64\release\dc_current_source.obj
c:\users\felipe\dropbox\visual studio projects\remotopp\remotopp\remotopp\x64\release\matlab.obj
c:\users\felipe\dropbox\visual studio projects\remotopp\remotopp\remotopp\x64\release\fast_math.obj
c:\users\felipe\dropbox\visual studio projects\remotopp\remotopp\x64\release\remotopp.exe
c:\users\felipe\dropbox\visual studio projects\remotopp\remotopp\x64\release\remotopp.ipdb
c:\users\felipe\dropbox\visual studio projects\remotopp\remotopp\x64\release\remotopp.iobj
c:\users\felipe\dropbox\visual studio projects\remotopp\remotopp\x64\release\remotopp.pdb
c:\users\felipe\dropbox\visual studio projects\remotopp\remotopp\remotopp\x64\release\remotopp.tlog\cl.command.1.tlog
c:\users\felipe\dropbox\visual studio projects\remotopp\remotopp\remotopp\x64\release\remotopp.tlog\cl.read.1.tlog
c:\users\felipe\dropbox\visual studio projects\remotopp\remotopp\remotopp\x64\release\remotopp.tlog\cl.write.1.tlog
c:\users\felipe\dropbox\visual studio projects\remotopp\remotopp\remotopp\x64\release\remotopp.tlog\link.command.1.tlog
c:\users\felipe\dropbox\visual studio projects\remotopp\remotopp\remotopp\x64\release\remotopp.tlog\link.read.1.tlog
c:\users\felipe\dropbox\visual studio projects\remotopp\remotopp\remotopp\x64\release\remotopp.tlog\link.write.1.tlog
