c:\users\felipe\dropbox\visual studio projects\remotopp\remotopp\remotopp\debug\vc140.pdb
c:\users\felipe\dropbox\visual studio projects\remotopp\remotopp\remotopp\debug\vc140.idb
c:\users\felipe\dropbox\visual studio projects\remotopp\remotopp\remotopp\debug\dc_current_source.obj
c:\users\felipe\dropbox\visual studio projects\remotopp\remotopp\remotopp\debug\intercompartment_conductance.obj
c:\users\felipe\dropbox\visual studio projects\remotopp\remotopp\remotopp\debug\destexhe_kf_channel.obj
c:\users\felipe\dropbox\visual studio projects\remotopp\remotopp\remotopp\debug\destexhe_ks_channel.obj
c:\users\felipe\dropbox\visual studio projects\remotopp\remotopp\remotopp\debug\destexhe_na_channel.obj
c:\users\felipe\dropbox\visual studio projects\remotopp\remotopp\remotopp\debug\compartment.obj
c:\users\felipe\dropbox\visual studio projects\remotopp\remotopp\remotopp\debug\action_potencial_monitor.obj
c:\users\felipe\dropbox\visual studio projects\remotopp\remotopp\remotopp\debug\voltage_monitor.obj
c:\users\felipe\dropbox\visual studio projects\remotopp\remotopp\remotopp\debug\neuron.obj
c:\users\felipe\dropbox\visual studio projects\remotopp\remotopp\remotopp\debug\neuron_pool.obj
c:\users\felipe\dropbox\visual studio projects\remotopp\remotopp\remotopp\debug\remotopp.obj
c:\users\felipe\dropbox\visual studio projects\remotopp\remotopp\remotopp\debug\stdafx.obj
c:\users\felipe\dropbox\visual studio projects\remotopp\remotopp\debug\remotopp.ilk
c:\users\felipe\dropbox\visual studio projects\remotopp\remotopp\debug\remotopp.exe
c:\users\felipe\dropbox\visual studio projects\remotopp\remotopp\debug\remotopp.pdb
c:\users\felipe\dropbox\visual studio projects\remotopp\remotopp\remotopp\debug\remotopp.tlog\cl.command.1.tlog
c:\users\felipe\dropbox\visual studio projects\remotopp\remotopp\remotopp\debug\remotopp.tlog\cl.read.1.tlog
c:\users\felipe\dropbox\visual studio projects\remotopp\remotopp\remotopp\debug\remotopp.tlog\cl.write.1.tlog
c:\users\felipe\dropbox\visual studio projects\remotopp\remotopp\remotopp\debug\remotopp.tlog\link.command.1.tlog
c:\users\felipe\dropbox\visual studio projects\remotopp\remotopp\remotopp\debug\remotopp.tlog\link.read.1.tlog
c:\users\felipe\dropbox\visual studio projects\remotopp\remotopp\remotopp\debug\remotopp.tlog\link.write.1.tlog
